# JRE version: Java(TM) SE Runtime Environment (13.0.1+9) (build 13.0.1+9)
# Java VM: Java HotSpot(TM) 64-Bit Server VM (13.0.1+9, mixed mode, sharing, tiered, compressed oops, g1 gc, windows-amd64)
Heap:
 garbage-first heap   total 131072K, used 14814K [0x0000000081200000, 0x0000000100000000)
  region size 1024K, 12 young (12288K), 2 survivors (2048K)
 Metaspace       used 14671K, capacity 15227K, committed 15360K, reserved 1062912K
  class space    used 1803K, capacity 2015K, committed 2048K, reserved 1048576K
GC Heap History (6 events):
Event: 0.812 GC heap before
{Heap before GC invocations=0 (full 0):
 garbage-first heap   total 131072K, used 13312K [0x0000000081200000, 0x0000000100000000)
  region size 1024K, 14 young (14336K), 0 survivors (0K)
 Metaspace       used 4025K, capacity 6388K, committed 6656K, reserved 1056768K
  class space    used 424K, capacity 642K, committed 768K, reserved 1048576K
}
Event: 0.820 GC heap after
{Heap after GC invocations=1 (full 0):
 garbage-first heap   total 131072K, used 3629K [0x0000000081200000, 0x0000000100000000)
  region size 1024K, 2 young (2048K), 2 survivors (2048K)
 Metaspace       used 4025K, capacity 6388K, committed 6656K, reserved 1056768K
  class space    used 424K, capacity 642K, committed 768K, reserved 1048576K
}
Event: 1.206 GC heap before
{Heap before GC invocations=1 (full 0):
 garbage-first heap   total 131072K, used 13869K [0x0000000081200000, 0x0000000100000000)
  region size 1024K, 12 young (12288K), 2 survivors (2048K)
 Metaspace       used 6240K, capacity 7818K, committed 7936K, reserved 1056768K
  class space    used 729K, capacity 936K, committed 1024K, reserved 1048576K
}
Event: 1.211 GC heap after
{Heap after GC invocations=2 (full 0):
 garbage-first heap   total 131072K, used 4665K [0x0000000081200000, 0x0000000100000000)
  region size 1024K, 1 young (1024K), 1 survivors (1024K)
 Metaspace       used 6240K, capacity 7818K, committed 7936K, reserved 1056768K
  class space    used 729K, capacity 936K, committed 1024K, reserved 1048576K
}
Event: 1.916 GC heap before
{Heap before GC invocations=2 (full 0):
 garbage-first heap   total 131072K, used 33337K [0x0000000081200000, 0x0000000100000000)
  region size 1024K, 29 young (29696K), 1 survivors (1024K)
 Metaspace       used 12930K, capacity 13674K, committed 13824K, reserved 1060864K
  class space    used 1579K, capacity 1722K, committed 1792K, reserved 1048576K
}
Event: 1.932 GC heap after
{Heap after GC invocations=3 (full 0):
 garbage-first heap   total 131072K, used 5598K [0x0000000081200000, 0x0000000100000000)
  region size 1024K, 2 young (2048K), 2 survivors (2048K)
 Metaspace       used 12930K, capacity 13674K, committed 13824K, reserved 1060864K
  class space    used 1579K, capacity 1722K, committed 1792K, reserved 1048576K
}

